<?xml version="1.0" encoding="UTF-8"?>
<testsuites name="jest tests" tests="17" failures="0" errors="0" time="20.666">
  <testsuite name="undefined" errors="0" failures="0" skipped="0" timestamp="2021-11-02T23:47:38" time="2.872" tests="1">
    <testcase classname=" webhook server" name=" webhook server" time="0.666">
    </testcase>
  </testsuite>
  <testsuite name="undefined" errors="0" failures="0" skipped="0" timestamp="2021-11-02T23:47:38" time="4.372" tests="3">
    <testcase classname=" quick start" name=" quick start" time="0.74">
    </testcase>
    <testcase classname=" fetch setup" name=" fetch setup" time="0.657">
    </testcase>
    <testcase classname=" controller use" name=" controller use" time="1.028">
    </testcase>
  </testsuite>
  <testsuite name="different ways to import and instantiate a MailSlurp client" errors="0" failures="0" skipped="0" timestamp="2021-11-02T23:47:38" time="7.048" tests="4">
    <testcase classname="different ways to import and instantiate a MailSlurp client a standard client can be instantiated by importing/requiring the default MailSlurp class" name="different ways to import and instantiate a MailSlurp client a standard client can be instantiated by importing/requiring the default MailSlurp class" time="0.002">
    </testcase>
    <testcase classname="different ways to import and instantiate a MailSlurp client the standard client doesn&apos;t have all functions so importing individual api controllers is recommended" name="different ways to import and instantiate a MailSlurp client the standard client doesn&apos;t have all functions so importing individual api controllers is recommended" time="0.001">
    </testcase>
    <testcase classname="common usage patterns using default client can create inboxes" name="common usage patterns using default client can create inboxes" time="2.129">
    </testcase>
    <testcase classname="using controller instances for more features can wait for emails" name="using controller instances for more features can wait for emails" time="2.85">
    </testcase>
  </testsuite>
  <testsuite name="wait for" errors="0" failures="0" skipped="0" timestamp="2021-11-02T23:47:38" time="16.218" tests="3">
    <testcase classname="wait for can wait for multiple emails" name="wait for can wait for multiple emails" time="6.385">
    </testcase>
    <testcase classname="wait for matching can wait for matching emails" name="wait for matching can wait for matching emails" time="3.931">
    </testcase>
    <testcase classname="extract email content extract content" name="extract email content extract content" time="3.867">
    </testcase>
  </testsuite>
  <testsuite name="undefined" errors="0" failures="0" skipped="0" timestamp="2021-11-02T23:47:38" time="19.468" tests="6">
    <testcase classname=" can create inboxes" name=" can create inboxes" time="2.614">
    </testcase>
    <testcase classname="get an inbox can get a full inbox" name="get an inbox can get a full inbox" time="0.966">
    </testcase>
    <testcase classname="inbox pagination can list inboxes in paginated form" name="inbox pagination can list inboxes in paginated form" time="1.077">
    </testcase>
    <testcase classname="wait_for_latest inbox wait for" name="wait_for_latest inbox wait for" time="5.589">
    </testcase>
    <testcase classname="send email can send simple" name="send email can send simple" time="1.757">
    </testcase>
    <testcase classname="send email attachments" name="send email attachments" time="5.352">
    </testcase>
  </testsuite>
</testsuites>